<?xml version="1.0" encoding="UTF-8"?>
<!-- Generated by org.testng.reporters.JUnitXMLReporter -->
<testsuite hostname="DESKTOP-4F6B0AL" ignored="1" name="Test" tests="3" failures="0" timestamp="04 Sep 2017 15:10:20 GMT" time="52.443" errors="0">
  <testcase name="testVersion" time="1.443" classname="com.actitime.test.VerifyVersionTest"/>
  <testcase name="testInvalidLogin" time="2.802" classname="com.actitime.test.InValidLoginTest"/>
  <testcase name="testValidLogin" time="7.306" classname="com.actitime.test.ValidLoginTest"/>
  <testcase name="m" time="0.0" classname="com.actitime.test.Sample">
    <ignored/>
  </testcase> <!-- m -->
</testsuite> <!-- Test -->
