<?xml version="1.0" encoding="UTF-8"?>
<testng-results skipped="0" failed="0" ignored="1" total="4" passed="3">
  <reporter-output>
    <line>
      <![CDATA[Title is matching : actiTIME - Login]]>
    </line>
    <line>
      <![CDATA[Title is matching : actiTIME - Login]]>
    </line>
    <line>
      <![CDATA[element is matching : Username or Password is invalid. Please try again.]]>
    </line>
    <line>
      <![CDATA[Title is matching : actiTIME - Login]]>
    </line>
    <line>
      <![CDATA[Title is matching : actiTIME - Enter Time-Track]]>
    </line>
    <line>
      <![CDATA[Title is matching : actiTIME - Login]]>
    </line>
  </reporter-output>
  <suite name="Suite" duration-ms="52443" started-at="2017-09-04T15:09:27Z" finished-at="2017-09-04T15:10:20Z">
    <groups>
    </groups>
    <test name="Test" duration-ms="52443" started-at="2017-09-04T15:09:27Z" finished-at="2017-09-04T15:10:20Z">
      <class name="com.actitime.test.VerifyVersionTest">
        <test-method status="PASS" signature="preConditions()[pri:0, instance:com.actitime.test.VerifyVersionTest@50675690]" name="preConditions" is-config="true" duration-ms="13578" started-at="2017-09-04T20:39:27Z" finished-at="2017-09-04T20:39:41Z">
          <reporter-output>
          </reporter-output>
        </test-method> <!-- preConditions -->
        <test-method status="PASS" signature="testVersion()[pri:0, instance:com.actitime.test.VerifyVersionTest@50675690]" name="testVersion" duration-ms="1443" started-at="2017-09-04T20:39:41Z" finished-at="2017-09-04T20:39:42Z">
          <reporter-output>
            <line>
              <![CDATA[Title is matching : actiTIME - Login]]>
            </line>
          </reporter-output>
        </test-method> <!-- testVersion -->
        <test-method status="PASS" signature="postConditions()[pri:0, instance:com.actitime.test.VerifyVersionTest@50675690]" name="postConditions" is-config="true" duration-ms="2119" started-at="2017-09-04T20:39:42Z" finished-at="2017-09-04T20:39:45Z">
          <reporter-output>
          </reporter-output>
        </test-method> <!-- postConditions -->
      </class> <!-- com.actitime.test.VerifyVersionTest -->
      <class name="com.actitime.test.ValidLoginTest">
        <test-method status="PASS" signature="preConditions()[pri:0, instance:com.actitime.test.ValidLoginTest@31b7dea0]" name="preConditions" is-config="true" duration-ms="9790" started-at="2017-09-04T20:40:01Z" finished-at="2017-09-04T20:40:10Z">
          <reporter-output>
          </reporter-output>
        </test-method> <!-- preConditions -->
        <test-method status="PASS" signature="testValidLogin()[pri:0, instance:com.actitime.test.ValidLoginTest@31b7dea0]" name="testValidLogin" duration-ms="7306" started-at="2017-09-04T20:40:10Z" finished-at="2017-09-04T20:40:18Z">
          <reporter-output>
            <line>
              <![CDATA[Title is matching : actiTIME - Login]]>
            </line>
            <line>
              <![CDATA[Title is matching : actiTIME - Enter Time-Track]]>
            </line>
            <line>
              <![CDATA[Title is matching : actiTIME - Login]]>
            </line>
          </reporter-output>
        </test-method> <!-- testValidLogin -->
        <test-method status="PASS" signature="postConditions()[pri:0, instance:com.actitime.test.ValidLoginTest@31b7dea0]" name="postConditions" is-config="true" duration-ms="2113" started-at="2017-09-04T20:40:18Z" finished-at="2017-09-04T20:40:20Z">
          <reporter-output>
          </reporter-output>
        </test-method> <!-- postConditions -->
      </class> <!-- com.actitime.test.ValidLoginTest -->
      <class name="com.actitime.test.InValidLoginTest">
        <test-method status="PASS" signature="preConditions()[pri:0, instance:com.actitime.test.InValidLoginTest@3ac42916]" name="preConditions" is-config="true" duration-ms="10882" started-at="2017-09-04T20:39:45Z" finished-at="2017-09-04T20:39:55Z">
          <reporter-output>
          </reporter-output>
        </test-method> <!-- preConditions -->
        <test-method status="PASS" signature="testInvalidLogin()[pri:0, instance:com.actitime.test.InValidLoginTest@3ac42916]" name="testInvalidLogin" duration-ms="2802" started-at="2017-09-04T20:39:55Z" finished-at="2017-09-04T20:39:58Z">
          <reporter-output>
            <line>
              <![CDATA[Title is matching : actiTIME - Login]]>
            </line>
            <line>
              <![CDATA[element is matching : Username or Password is invalid. Please try again.]]>
            </line>
          </reporter-output>
        </test-method> <!-- testInvalidLogin -->
        <test-method status="PASS" signature="postConditions()[pri:0, instance:com.actitime.test.InValidLoginTest@3ac42916]" name="postConditions" is-config="true" duration-ms="2378" started-at="2017-09-04T20:39:58Z" finished-at="2017-09-04T20:40:01Z">
          <reporter-output>
          </reporter-output>
        </test-method> <!-- postConditions -->
      </class> <!-- com.actitime.test.InValidLoginTest -->
    </test> <!-- Test -->
  </suite> <!-- Suite -->
</testng-results>
